<?xml version="1.0" encoding="UTF-8" ?>
<testsuite tests="3" failures="0" name="TestSuite" time="217.077" errors="0" skipped="0">
  <properties>
    <property name="java.runtime.name" value="Java(TM) SE Runtime Environment"/>
    <property name="sun.boot.library.path" value="C:\Program Files (x86)\Java\jdk1.8.0_151\jre\bin"/>
    <property name="java.vm.version" value="25.151-b12"/>
    <property name="url" value="http://www.linkedin.com"/>
    <property name="java.vm.vendor" value="Oracle Corporation"/>
    <property name="java.vendor.url" value="http://java.oracle.com/"/>
    <property name="path.separator" value=";"/>
    <property name="java.vm.name" value="Java HotSpot(TM) Client VM"/>
    <property name="file.encoding.pkg" value="sun.io"/>
    <property name="user.script" value=""/>
    <property name="user.country" value="BE"/>
    <property name="sun.java.launcher" value="SUN_STANDARD"/>
    <property name="sun.os.patch.level" value=""/>
    <property name="java.vm.specification.name" value="Java Virtual Machine Specification"/>
    <property name="user.dir" value="C:\workspace\WebDriverTest"/>
    <property name="java.runtime.version" value="1.8.0_151-b12"/>
    <property name="java.awt.graphicsenv" value="sun.awt.Win32GraphicsEnvironment"/>
    <property name="basedir" value="C:\workspace\WebDriverTest"/>
    <property name="java.endorsed.dirs" value="C:\Program Files (x86)\Java\jdk1.8.0_151\jre\lib\endorsed"/>
    <property name="os.arch" value="x86"/>
    <property name="surefire.real.class.path" value="C:\workspace\WebDriverTest\target\surefire\surefirebooter719240771711988593.jar"/>
    <property name="java.io.tmpdir" value="C:\WINDOWS\TEMP\"/>
    <property name="line.separator" value="
"/>
    <property name="java.vm.specification.vendor" value="Oracle Corporation"/>
    <property name="user.variant" value=""/>
    <property name="os.name" value="Windows 10"/>
    <property name="key" value="Test Analyst"/>
    <property name="sun.jnu.encoding" value="Cp1252"/>
    <property name="java.library.path" value="C:\Program Files (x86)\Java\jdk1.8.0_151\jre\bin;C:\WINDOWS\Sun\Java\bin;C:\WINDOWS\system32;C:\WINDOWS;C:\apache-maven-3.5.2\/bin;C:\Program Files (x86)\Java\jdk1.8.0_151/bin;C:\Program Files\Docker\Docker\Resources\bin;C:\ProgramData\Oracle\Java\javapath;C:\WINDOWS\system32;C:\WINDOWS;C:\WINDOWS\System32\Wbem;C:\WINDOWS\System32\WindowsPowerShell\v1.0\;C:\Program Files (x86)\EgisTec MyWinLocker\x64;C:\Program Files (x86)\EgisTec MyWinLocker\;C:\Program Files (x86)\Windows Kits\8.1\Windows Performance Toolkit\;C:\Program Files\Microsoft SQL Server\110\Tools\Binn\;C:\WINDOWS\system32\config\systemprofile\.dnx\bin;C:\Program Files\Microsoft DNX\Dnvm\;C:\Program Files (x86)\Skype\Phone\;C:\Program Files\MySQL\MySQL Utilities 1.6\;C:\wamp\bin\php\php5.3.8;C:\ProgramData\ComposerSetup\bin;C:\Behat\bin;C:\geckodriver-v0.19.0-win64\;C:\Program Files\Git\cmd;C:\WINDOWS\system32\config\systemprofile\AppData\Local\Microsoft\WindowsApps;."/>
    <property name="surefire.test.class.path" value="C:\workspace\WebDriverTest\target\test-classes;C:\workspace\WebDriverTest\target\classes;C:\WINDOWS\system32\config\systemprofile\.m2\repository\junit\junit\3.8.1\junit-3.8.1.jar;C:\WINDOWS\system32\config\systemprofile\.m2\repository\org\seleniumhq\selenium\selenium-java\3.6.0\selenium-java-3.6.0.jar;C:\WINDOWS\system32\config\systemprofile\.m2\repository\org\seleniumhq\selenium\selenium-api\3.6.0\selenium-api-3.6.0.jar;C:\WINDOWS\system32\config\systemprofile\.m2\repository\org\seleniumhq\selenium\selenium-chrome-driver\3.6.0\selenium-chrome-driver-3.6.0.jar;C:\WINDOWS\system32\config\systemprofile\.m2\repository\org\seleniumhq\selenium\selenium-edge-driver\3.6.0\selenium-edge-driver-3.6.0.jar;C:\WINDOWS\system32\config\systemprofile\.m2\repository\org\seleniumhq\selenium\selenium-firefox-driver\3.6.0\selenium-firefox-driver-3.6.0.jar;C:\WINDOWS\system32\config\systemprofile\.m2\repository\org\seleniumhq\selenium\selenium-ie-driver\3.6.0\selenium-ie-driver-3.6.0.jar;C:\WINDOWS\system32\config\systemprofile\.m2\repository\org\seleniumhq\selenium\selenium-opera-driver\3.6.0\selenium-opera-driver-3.6.0.jar;C:\WINDOWS\system32\config\systemprofile\.m2\repository\org\seleniumhq\selenium\selenium-remote-driver\3.6.0\selenium-remote-driver-3.6.0.jar;C:\WINDOWS\system32\config\systemprofile\.m2\repository\org\seleniumhq\selenium\selenium-safari-driver\3.6.0\selenium-safari-driver-3.6.0.jar;C:\WINDOWS\system32\config\systemprofile\.m2\repository\org\seleniumhq\selenium\selenium-support\3.6.0\selenium-support-3.6.0.jar;C:\WINDOWS\system32\config\systemprofile\.m2\repository\net\bytebuddy\byte-buddy\1.7.5\byte-buddy-1.7.5.jar;C:\WINDOWS\system32\config\systemprofile\.m2\repository\org\apache\commons\commons-exec\1.3\commons-exec-1.3.jar;C:\WINDOWS\system32\config\systemprofile\.m2\repository\commons-codec\commons-codec\1.10\commons-codec-1.10.jar;C:\WINDOWS\system32\config\systemprofile\.m2\repository\commons-logging\commons-logging\1.2\commons-logging-1.2.jar;C:\WINDOWS\system32\config\systemprofile\.m2\repository\com\google\code\gson\gson\2.8.0\gson-2.8.0.jar;C:\WINDOWS\system32\config\systemprofile\.m2\repository\com\google\guava\guava\23.0\guava-23.0.jar;C:\WINDOWS\system32\config\systemprofile\.m2\repository\com\google\code\findbugs\jsr305\1.3.9\jsr305-1.3.9.jar;C:\WINDOWS\system32\config\systemprofile\.m2\repository\com\google\errorprone\error_prone_annotations\2.0.18\error_prone_annotations-2.0.18.jar;C:\WINDOWS\system32\config\systemprofile\.m2\repository\com\google\j2objc\j2objc-annotations\1.1\j2objc-annotations-1.1.jar;C:\WINDOWS\system32\config\systemprofile\.m2\repository\org\codehaus\mojo\animal-sniffer-annotations\1.14\animal-sniffer-annotations-1.14.jar;C:\WINDOWS\system32\config\systemprofile\.m2\repository\org\apache\httpcomponents\httpclient\4.5.3\httpclient-4.5.3.jar;C:\WINDOWS\system32\config\systemprofile\.m2\repository\org\apache\httpcomponents\httpcore\4.4.6\httpcore-4.4.6.jar;C:\WINDOWS\system32\config\systemprofile\.m2\repository\net\java\dev\jna\jna\4.1.0\jna-4.1.0.jar;C:\WINDOWS\system32\config\systemprofile\.m2\repository\net\java\dev\jna\jna-platform\4.1.0\jna-platform-4.1.0.jar;C:\WINDOWS\system32\config\systemprofile\.m2\repository\org\testng\testng\6.8\testng-6.8.jar;C:\WINDOWS\system32\config\systemprofile\.m2\repository\org\beanshell\bsh\2.0b4\bsh-2.0b4.jar;C:\WINDOWS\system32\config\systemprofile\.m2\repository\com\beust\jcommander\1.27\jcommander-1.27.jar;C:\WINDOWS\system32\config\systemprofile\.m2\repository\org\yaml\snakeyaml\1.6\snakeyaml-1.6.jar;C:\WINDOWS\system32\config\systemprofile\.m2\repository\org\apache\poi\poi\3.17\poi-3.17.jar;C:\WINDOWS\system32\config\systemprofile\.m2\repository\org\apache\commons\commons-collections4\4.1\commons-collections4-4.1.jar;"/>
    <property name="email" value="revat.dominique@hotmail.com"/>
    <property name="java.specification.name" value="Java Platform API Specification"/>
    <property name="java.class.version" value="52.0"/>
    <property name="sun.management.compiler" value="HotSpot Client Compiler"/>
    <property name="os.version" value="10.0"/>
    <property name="user.home" value="C:\WINDOWS\system32\config\systemprofile"/>
    <property name="user.timezone" value="Europe/Paris"/>
    <property name="java.awt.printerjob" value="sun.awt.windows.WPrinterJob"/>
    <property name="java.specification.version" value="1.8"/>
    <property name="file.encoding" value="Cp1252"/>
    <property name="webdriver.gecko.driver" value="C:\geckodriver-v0.19.0-win64\geckodriver.exe"/>
    <property name="password" value="revat123"/>
    <property name="user.name" value="ASPIRE7739-PC$"/>
    <property name="java.class.path" value="C:\workspace\WebDriverTest\target\test-classes;C:\workspace\WebDriverTest\target\classes;C:\WINDOWS\system32\config\systemprofile\.m2\repository\junit\junit\3.8.1\junit-3.8.1.jar;C:\WINDOWS\system32\config\systemprofile\.m2\repository\org\seleniumhq\selenium\selenium-java\3.6.0\selenium-java-3.6.0.jar;C:\WINDOWS\system32\config\systemprofile\.m2\repository\org\seleniumhq\selenium\selenium-api\3.6.0\selenium-api-3.6.0.jar;C:\WINDOWS\system32\config\systemprofile\.m2\repository\org\seleniumhq\selenium\selenium-chrome-driver\3.6.0\selenium-chrome-driver-3.6.0.jar;C:\WINDOWS\system32\config\systemprofile\.m2\repository\org\seleniumhq\selenium\selenium-edge-driver\3.6.0\selenium-edge-driver-3.6.0.jar;C:\WINDOWS\system32\config\systemprofile\.m2\repository\org\seleniumhq\selenium\selenium-firefox-driver\3.6.0\selenium-firefox-driver-3.6.0.jar;C:\WINDOWS\system32\config\systemprofile\.m2\repository\org\seleniumhq\selenium\selenium-ie-driver\3.6.0\selenium-ie-driver-3.6.0.jar;C:\WINDOWS\system32\config\systemprofile\.m2\repository\org\seleniumhq\selenium\selenium-opera-driver\3.6.0\selenium-opera-driver-3.6.0.jar;C:\WINDOWS\system32\config\systemprofile\.m2\repository\org\seleniumhq\selenium\selenium-remote-driver\3.6.0\selenium-remote-driver-3.6.0.jar;C:\WINDOWS\system32\config\systemprofile\.m2\repository\org\seleniumhq\selenium\selenium-safari-driver\3.6.0\selenium-safari-driver-3.6.0.jar;C:\WINDOWS\system32\config\systemprofile\.m2\repository\org\seleniumhq\selenium\selenium-support\3.6.0\selenium-support-3.6.0.jar;C:\WINDOWS\system32\config\systemprofile\.m2\repository\net\bytebuddy\byte-buddy\1.7.5\byte-buddy-1.7.5.jar;C:\WINDOWS\system32\config\systemprofile\.m2\repository\org\apache\commons\commons-exec\1.3\commons-exec-1.3.jar;C:\WINDOWS\system32\config\systemprofile\.m2\repository\commons-codec\commons-codec\1.10\commons-codec-1.10.jar;C:\WINDOWS\system32\config\systemprofile\.m2\repository\commons-logging\commons-logging\1.2\commons-logging-1.2.jar;C:\WINDOWS\system32\config\systemprofile\.m2\repository\com\google\code\gson\gson\2.8.0\gson-2.8.0.jar;C:\WINDOWS\system32\config\systemprofile\.m2\repository\com\google\guava\guava\23.0\guava-23.0.jar;C:\WINDOWS\system32\config\systemprofile\.m2\repository\com\google\code\findbugs\jsr305\1.3.9\jsr305-1.3.9.jar;C:\WINDOWS\system32\config\systemprofile\.m2\repository\com\google\errorprone\error_prone_annotations\2.0.18\error_prone_annotations-2.0.18.jar;C:\WINDOWS\system32\config\systemprofile\.m2\repository\com\google\j2objc\j2objc-annotations\1.1\j2objc-annotations-1.1.jar;C:\WINDOWS\system32\config\systemprofile\.m2\repository\org\codehaus\mojo\animal-sniffer-annotations\1.14\animal-sniffer-annotations-1.14.jar;C:\WINDOWS\system32\config\systemprofile\.m2\repository\org\apache\httpcomponents\httpclient\4.5.3\httpclient-4.5.3.jar;C:\WINDOWS\system32\config\systemprofile\.m2\repository\org\apache\httpcomponents\httpcore\4.4.6\httpcore-4.4.6.jar;C:\WINDOWS\system32\config\systemprofile\.m2\repository\net\java\dev\jna\jna\4.1.0\jna-4.1.0.jar;C:\WINDOWS\system32\config\systemprofile\.m2\repository\net\java\dev\jna\jna-platform\4.1.0\jna-platform-4.1.0.jar;C:\WINDOWS\system32\config\systemprofile\.m2\repository\org\testng\testng\6.8\testng-6.8.jar;C:\WINDOWS\system32\config\systemprofile\.m2\repository\org\beanshell\bsh\2.0b4\bsh-2.0b4.jar;C:\WINDOWS\system32\config\systemprofile\.m2\repository\com\beust\jcommander\1.27\jcommander-1.27.jar;C:\WINDOWS\system32\config\systemprofile\.m2\repository\org\yaml\snakeyaml\1.6\snakeyaml-1.6.jar;C:\WINDOWS\system32\config\systemprofile\.m2\repository\org\apache\poi\poi\3.17\poi-3.17.jar;C:\WINDOWS\system32\config\systemprofile\.m2\repository\org\apache\commons\commons-collections4\4.1\commons-collections4-4.1.jar;"/>
    <property name="java.vm.specification.version" value="1.8"/>
    <property name="sun.arch.data.model" value="32"/>
    <property name="java.home" value="C:\Program Files (x86)\Java\jdk1.8.0_151\jre"/>
    <property name="sun.java.command" value="C:\workspace\WebDriverTest\target\surefire\surefirebooter719240771711988593.jar C:\workspace\WebDriverTest\target\surefire\surefire6455895172673264077tmp C:\workspace\WebDriverTest\target\surefire\surefire1512173590162639276tmp"/>
    <property name="java.specification.vendor" value="Oracle Corporation"/>
    <property name="user.language" value="fr"/>
    <property name="awt.toolkit" value="sun.awt.windows.WToolkit"/>
    <property name="country" value="France"/>
    <property name="java.vm.info" value="mixed mode, sharing"/>
    <property name="java.version" value="1.8.0_151"/>
    <property name="java.ext.dirs" value="C:\Program Files (x86)\Java\jdk1.8.0_151\jre\lib\ext;C:\WINDOWS\Sun\Java\lib\ext"/>
    <property name="sun.boot.class.path" value="C:\Program Files (x86)\Java\jdk1.8.0_151\jre\lib\resources.jar;C:\Program Files (x86)\Java\jdk1.8.0_151\jre\lib\rt.jar;C:\Program Files (x86)\Java\jdk1.8.0_151\jre\lib\sunrsasign.jar;C:\Program Files (x86)\Java\jdk1.8.0_151\jre\lib\jsse.jar;C:\Program Files (x86)\Java\jdk1.8.0_151\jre\lib\jce.jar;C:\Program Files (x86)\Java\jdk1.8.0_151\jre\lib\charsets.jar;C:\Program Files (x86)\Java\jdk1.8.0_151\jre\lib\jfr.jar;C:\Program Files (x86)\Java\jdk1.8.0_151\jre\classes"/>
    <property name="java.vendor" value="Oracle Corporation"/>
    <property name="localRepository" value="C:\WINDOWS\system32\config\systemprofile\.m2\repository"/>
    <property name="file.separator" value="\"/>
    <property name="java.vendor.url.bug" value="http://bugreport.sun.com/bugreport/"/>
    <property name="sun.cpu.endian" value="little"/>
    <property name="sun.io.unicode.encoding" value="UnicodeLittle"/>
    <property name="sun.desktop" value="windows"/>
    <property name="sun.cpu.isalist" value="pentium_pro+mmx pentium_pro pentium+mmx pentium i486 i386 i86"/>
  </properties>
  <testcase classname="example.NewTest" name="Connexion_HomePage" time="39.256"/>
  <testcase classname="example.NewTest" name="DoSearch" time="22.497"/>
  <testcase classname="example.NewTest" name="ListResult" time="138.102"/>
</testsuite>